<?xml version="1.0" encoding="UTF-8"?>
<!-- Generated by org.testng.reporters.JUnitReportReporter -->
<testsuite hostname="DESKTOP-V7OIE2M" failures="0" tests="1" name="com.acti.base.DriverScript" time="5.161" errors="0" timestamp="01 Feb 2023 01:49:54 GMT" skipped="0">
  <testcase classname="com.acti.base.DriverScript" name="initApplication" time="5.161"/>
</testsuite> <!-- com.acti.base.DriverScript -->
