<?xml version="1.0" encoding="UTF-8"?>
<!-- Generated by org.testng.reporters.JUnitReportReporter -->
<testsuite hostname="DESKTOP-V7OIE2M" failures="0" tests="4" name="com.acti.testacase.LoginPageTests" time="16.620" errors="0" timestamp="02 Feb 2023 20:12:02 GMT" skipped="0">
  <testcase classname="com.acti.testacase.LoginPageTests" name="testForgotPasswordIsDisplayed" time="4.001"/>
  <testcase classname="com.acti.testacase.LoginPageTests" name="testLoginFunctions" time="5.823"/>
  <testcase classname="com.acti.testacase.LoginPageTests" name="testLoginPage" time="3.458"/>
  <testcase classname="com.acti.testacase.LoginPageTests" name="testActImgIsDisplayed" time="3.338"/>
</testsuite> <!-- com.acti.testacase.LoginPageTests -->
